<?xml version="1.0" encoding="UTF-8"?>
<!-- Generated by org.testng.reporters.JUnitReportReporter -->
<testsuite skipped="0" hostname="Loveleens-MacBook-Air.local" name="TestCases.HomePage" tests="3" failures="0" timestamp="28 Jun 2020 20:43:54 GMT" time="16.175" errors="0">
  <testcase name="translatorMenuItem" time="7.419" classname="TestCases.HomePage"/>
  <testcase name="homePageNavigation" time="4.093" classname="TestCases.HomePage"/>
  <testcase name="homePageNavigation" time="4.663" classname="TestCases.HomePage"/>
</testsuite> <!-- TestCases.HomePage -->
