<?xml version="1.0" encoding="UTF-8"?>
<!-- Generated by org.testng.reporters.JUnitReportReporter -->
<testsuite skipped="0" hostname="Loveleens-MacBook-Air.local" name="cucumberOptions.TestRunner" tests="1" failures="0" timestamp="28 Jun 2020 21:14:29 GMT" time="27.320" errors="0">
  <testcase name="feature" time="27.320" classname="cucumberOptions.TestRunner"/>
</testsuite> <!-- cucumberOptions.TestRunner -->
