<?xml version="1.0" encoding="UTF-8"?>
<!-- Generated by org.testng.reporters.JUnitReportReporter -->
<testsuite skipped="0" hostname="Loveleens-MacBook-Air.local" name="TestCases.HomePage" tests="3" failures="0" timestamp="2020-06-29T02:48:18 IST" time="16.019" errors="0">
  <testcase name="translatorMenuItem" time="6.894" classname="TestCases.HomePage"/>
  <system-out/>
  <testcase name="homePageNavigation" time="4.724" classname="TestCases.HomePage"/>
  <system-out/>
  <testcase name="homePageNavigation" time="4.401" classname="TestCases.HomePage"/>
  <system-out/>
</testsuite> <!-- TestCases.HomePage -->
